<?xml version="1.0" encoding="UTF-8"?>
<!-- Generated by org.testng.reporters.JUnitXMLReporter -->
<testsuite hostname="IN5CG943BC8T" ignored="0" name="Test" tests="1" failures="1" timestamp="26 Mar 2020 06:46:27 GMT" time="5.808" errors="0">
  <testcase name="Login" time="5.763" classname="com.testcases.LoginApplication">
    <failure type="org.openqa.selenium.SessionNotCreatedException" message="session not created: This version of ChromeDriver only supports Chrome version 78
Build info: version: &amp;apos;3.4.0&amp;apos;, revision: &amp;apos;unknown&amp;apos;, time: &amp;apos;unknown&amp;apos;
System info: host: &amp;apos;IN5CG943BC8T&amp;apos;, ip: &amp;apos;192.168.43.216&amp;apos;, os.name: &amp;apos;Windows 10&amp;apos;, os.arch: &amp;apos;x86&amp;apos;, os.version: &amp;apos;10.0&amp;apos;, java.version: &amp;apos;1.8.0_241&amp;apos;
Driver info: driver.version: ChromeDriver
remote stacktrace: Backtrace:
	Ordinal0 [0x013FA923+1550627]
	Ordinal0 [0x0137A731+1025841]
	Ordinal0 [0x012FC715+509717]
	Ordinal0 [0x0128FC68+64616]
	Ordinal0 [0x0128C594+50580]
	Ordinal0 [0x012AACE7+175335]
	Ordinal0 [0x012AA8ED+174317]
	Ordinal0 [0x012A8CDB+167131]
	Ordinal0 [0x0129144A+70730]
	Ordinal0 [0x012924D0+74960]
	Ordinal0 [0x01292469+74857]
	Ordinal0 [0x013942F7+1131255]
	GetHandleVerifier [0x0149711D+523789]
	GetHandleVerifier [0x01496EB0+523168]
	GetHandleVerifier [0x0149E207+552695]
	GetHandleVerifier [0x0149791A+525834]
	Ordinal0 [0x0138B82C+1095724]
	Ordinal0 [0x0139636B+1139563]
	Ordinal0 [0x013964D3+1139923]
	Ordinal0 [0x01395455+1135701]
	BaseThreadInitThunk [0x76FC0419+25]
	RtlGetAppContainerNamedObjectPath [0x7719662D+237]
	RtlGetAppContainerNamedObjectPath [0x771965FD+189]
">
      <![CDATA[org.openqa.selenium.SessionNotCreatedException: session not created: This version of ChromeDriver only supports Chrome version 78
Build info: version: '3.4.0', revision: 'unknown', time: 'unknown'
System info: host: 'IN5CG943BC8T', ip: '192.168.43.216', os.name: 'Windows 10', os.arch: 'x86', os.version: '10.0', java.version: '1.8.0_241'
Driver info: driver.version: ChromeDriver
remote stacktrace: Backtrace:
	Ordinal0 [0x013FA923+1550627]
	Ordinal0 [0x0137A731+1025841]
	Ordinal0 [0x012FC715+509717]
	Ordinal0 [0x0128FC68+64616]
	Ordinal0 [0x0128C594+50580]
	Ordinal0 [0x012AACE7+175335]
	Ordinal0 [0x012AA8ED+174317]
	Ordinal0 [0x012A8CDB+167131]
	Ordinal0 [0x0129144A+70730]
	Ordinal0 [0x012924D0+74960]
	Ordinal0 [0x01292469+74857]
	Ordinal0 [0x013942F7+1131255]
	GetHandleVerifier [0x0149711D+523789]
	GetHandleVerifier [0x01496EB0+523168]
	GetHandleVerifier [0x0149E207+552695]
	GetHandleVerifier [0x0149791A+525834]
	Ordinal0 [0x0138B82C+1095724]
	Ordinal0 [0x0139636B+1139563]
	Ordinal0 [0x013964D3+1139923]
	Ordinal0 [0x01395455+1135701]
	BaseThreadInitThunk [0x76FC0419+25]
	RtlGetAppContainerNamedObjectPath [0x7719662D+237]
	RtlGetAppContainerNamedObjectPath [0x771965FD+189]

	at org.openqa.selenium.remote.W3CHandshakeResponse.lambda$new$0(W3CHandshakeResponse.java:57)
	at org.openqa.selenium.remote.W3CHandshakeResponse.lambda$getResponseFunction$2(W3CHandshakeResponse.java:104)
	at org.openqa.selenium.remote.ProtocolHandshake.lambda$createSession$22(ProtocolHandshake.java:365)
	at java.util.stream.ReferencePipeline$3$1.accept(Unknown Source)
	at java.util.Spliterators$ArraySpliterator.tryAdvance(Unknown Source)
	at java.util.stream.ReferencePipeline.forEachWithCancel(Unknown Source)
	at java.util.stream.AbstractPipeline.copyIntoWithCancel(Unknown Source)
	at java.util.stream.AbstractPipeline.copyInto(Unknown Source)
	at java.util.stream.AbstractPipeline.wrapAndCopyInto(Unknown Source)
	at java.util.stream.FindOps$FindOp.evaluateSequential(Unknown Source)
	at java.util.stream.AbstractPipeline.evaluate(Unknown Source)
	at java.util.stream.ReferencePipeline.findFirst(Unknown Source)
	at org.openqa.selenium.remote.ProtocolHandshake.createSession(ProtocolHandshake.java:368)
	at org.openqa.selenium.remote.ProtocolHandshake.createSession(ProtocolHandshake.java:159)
	at org.openqa.selenium.remote.HttpCommandExecutor.execute(HttpCommandExecutor.java:142)
	at org.openqa.selenium.remote.service.DriverCommandExecutor.execute(DriverCommandExecutor.java:82)
	at org.openqa.selenium.remote.RemoteWebDriver.execute(RemoteWebDriver.java:637)
	at org.openqa.selenium.remote.RemoteWebDriver.startSession(RemoteWebDriver.java:250)
	at org.openqa.selenium.remote.RemoteWebDriver.startSession(RemoteWebDriver.java:236)
	at org.openqa.selenium.remote.RemoteWebDriver.<init>(RemoteWebDriver.java:137)
	at org.openqa.selenium.chrome.ChromeDriver.<init>(ChromeDriver.java:184)
	at org.openqa.selenium.chrome.ChromeDriver.<init>(ChromeDriver.java:171)
	at org.openqa.selenium.chrome.ChromeDriver.<init>(ChromeDriver.java:124)
	at com.testcases.LoginApplication.Login(LoginApplication.java:17)
... Removed 29 stack frames]]>
    </failure>
  </testcase> <!-- Login -->
</testsuite> <!-- Test -->
